<?xml version="1.0" encoding="UTF-8"?>
<testng-results ignored="0" total="3" passed="1" failed="1" skipped="1">
  <reporter-output>
  </reporter-output>
  <suite started-at="2025-02-10T15:49:51 NZDT" name="Suite" finished-at="2025-02-10T15:50:11 NZDT" duration-ms="20021">
    <groups>
      <group name="Purchase">
        <method signature="MainPageTest.customerPurchase(java.util.HashMap)[pri:0, instance:RvNLearn.tests.MainPageTest@50029372]" name="customerPurchase" class="RvNLearn.tests.MainPageTest"/>
        <method signature="MainPageTest.orderHistoryTest(java.util.HashMap)[pri:0, instance:RvNLearn.tests.MainPageTest@50029372]" name="orderHistoryTest" class="RvNLearn.tests.MainPageTest"/>
      </group> <!-- Purchase -->
    </groups>
    <test started-at="2025-02-10T15:49:51 NZDT" name="Error Validation" finished-at="2025-02-10T15:49:51 NZDT" duration-ms="6">
    </test> <!-- Error Validation -->
    <test started-at="2025-02-10T15:49:51 NZDT" name="Main Page Test" finished-at="2025-02-10T15:50:11 NZDT" duration-ms="20021">
      <class name="RvNLearn.tests.MainPageTest">
        <test-method is-config="true" signature="launchApplication()[pri:0, instance:RvNLearn.tests.MainPageTest@50029372]" started-at="2025-02-10T15:49:51 NZDT" name="launchApplication" finished-at="2025-02-10T15:49:58 NZDT" duration-ms="6231" status="PASS">
          <reporter-output>
          </reporter-output>
        </test-method> <!-- launchApplication -->
        <test-method signature="customerPurchase(java.util.HashMap)[pri:0, instance:RvNLearn.tests.MainPageTest@50029372]" started-at="2025-02-10T15:49:58 NZDT" name="customerPurchase" data-provider="getData" finished-at="2025-02-10T15:50:02 NZDT" duration-ms="4511" status="PASS">
          <params>
            <param index="0">
              <value>
                <![CDATA[{country=south africa, item=ADIDAS, cvv=123, cardName=Joe  Soap, success=THANKYOU FOR THE ORDER., cntry=sou, pwd=sLW_U7jz'4vBPGv, email=me@here.com, paymentType=Credit Card}]]>
              </value>
            </param>
          </params>
          <reporter-output>
          </reporter-output>
        </test-method> <!-- customerPurchase -->
        <test-method is-config="true" signature="tearDown()[pri:0, instance:RvNLearn.tests.MainPageTest@50029372]" started-at="2025-02-10T15:50:02 NZDT" name="tearDown" finished-at="2025-02-10T15:50:03 NZDT" duration-ms="809" status="PASS">
          <reporter-output>
          </reporter-output>
        </test-method> <!-- tearDown -->
        <test-method is-config="true" signature="launchApplication()[pri:0, instance:RvNLearn.tests.MainPageTest@50029372]" started-at="2025-02-10T15:50:03 NZDT" name="launchApplication" finished-at="2025-02-10T15:50:10 NZDT" duration-ms="6689" status="PASS">
          <reporter-output>
          </reporter-output>
        </test-method> <!-- launchApplication -->
        <test-method signature="customerPurchase(java.util.HashMap)[pri:0, instance:RvNLearn.tests.MainPageTest@50029372]" started-at="2025-02-10T15:50:10 NZDT" name="customerPurchase" data-provider="getData" finished-at="2025-02-10T15:50:10 NZDT" duration-ms="765" status="FAIL">
          <params>
            <param index="0">
              <value>
                <![CDATA[{country=new zealand, item=IPHONE 13 PRO, cvv=456, cardName=Jane Doe, success=THANKYOU FOR THE ORDER., cntry=new, pwd=sLW_U7jz'4vBPGv, email=IamStill@here.com, paymentType=Credit Card}]]>
              </value>
            </param>
          </params>
          <exception class="java.lang.NullPointerException">
            <message>
              <![CDATA[Cannot invoke "org.openqa.selenium.WebElement.findElement(org.openqa.selenium.By)" because the return value of "RvNLearn.pageObjects.ShopFront.getItemOfChoice(String)" is null]]>
            </message>
            <full-stacktrace>
              <![CDATA[java.lang.NullPointerException: Cannot invoke "org.openqa.selenium.WebElement.findElement(org.openqa.selenium.By)" because the return value of "RvNLearn.pageObjects.ShopFront.getItemOfChoice(String)" is null
at RvNLearn.pageObjects.ShopFront.addItemToCart(ShopFront.java:51)
at RvNLearn.tests.MainPageTest.customerPurchase(MainPageTest.java:47)
at java.base/jdk.internal.reflect.DirectMethodHandleAccessor.invoke(DirectMethodHandleAccessor.java:103)
at java.base/java.lang.reflect.Method.invoke(Method.java:580)
at org.testng.internal.invokers.MethodInvocationHelper.invokeMethod(MethodInvocationHelper.java:141)
at org.testng.internal.invokers.TestInvoker.invokeMethod(TestInvoker.java:686)
at org.testng.internal.invokers.TestInvoker.invokeTestMethod(TestInvoker.java:230)
at org.testng.internal.invokers.MethodRunner.runInSequence(MethodRunner.java:63)
at org.testng.internal.invokers.TestInvoker$MethodInvocationAgent.invoke(TestInvoker.java:992)
at org.testng.internal.invokers.TestInvoker.invokeTestMethods(TestInvoker.java:203)
at org.testng.internal.invokers.TestMethodWorker.invokeTestMethods(TestMethodWorker.java:154)
at org.testng.internal.invokers.TestMethodWorker.run(TestMethodWorker.java:134)
at java.base/java.util.ArrayList.forEach(ArrayList.java:1597)
at org.testng.TestRunner.privateRun(TestRunner.java:739)
at org.testng.TestRunner.run(TestRunner.java:614)
at org.testng.SuiteRunner.runTest(SuiteRunner.java:421)
at org.testng.SuiteRunner$SuiteWorker.run(SuiteRunner.java:463)
at org.testng.internal.thread.ThreadUtil.lambda$execute$0(ThreadUtil.java:64)
at java.base/java.util.concurrent.FutureTask.run(FutureTask.java:317)
at java.base/java.util.concurrent.ThreadPoolExecutor.runWorker(ThreadPoolExecutor.java:1144)
at java.base/java.util.concurrent.ThreadPoolExecutor$Worker.run(ThreadPoolExecutor.java:642)
at java.base/java.lang.Thread.run(Thread.java:1575)
]]>
            </full-stacktrace>
          </exception> <!-- java.lang.NullPointerException -->
          <reporter-output>
          </reporter-output>
        </test-method> <!-- customerPurchase -->
        <test-method is-config="true" signature="tearDown()[pri:0, instance:RvNLearn.tests.MainPageTest@50029372]" started-at="2025-02-10T15:50:10 NZDT" name="tearDown" finished-at="2025-02-10T15:50:11 NZDT" duration-ms="819" status="PASS">
          <reporter-output>
          </reporter-output>
        </test-method> <!-- tearDown -->
        <test-method signature="orderHistoryTest(java.util.HashMap)[pri:0, instance:RvNLearn.tests.MainPageTest@50029372]" started-at="2025-02-10T15:50:11 NZDT" name="orderHistoryTest" finished-at="2025-02-10T15:50:11 NZDT" depends-on-methods="RvNLearn.tests.MainPageTest.customerPurchase" duration-ms="0" status="SKIP">
          <exception class="java.lang.Throwable">
            <message>
              <![CDATA[Method RvNLearn.tests.MainPageTest.orderHistoryTest() on instance RvNLearn.tests.MainPageTest@50029372 depends on not successfully finished methods 
[RvNLearn.tests.MainPageTest.customerPurchase() on instance RvNLearn.tests.MainPageTest@50029372]]]>
            </message>
            <full-stacktrace>
              <![CDATA[java.lang.Throwable: Method RvNLearn.tests.MainPageTest.orderHistoryTest() on instance RvNLearn.tests.MainPageTest@50029372 depends on not successfully finished methods 
[RvNLearn.tests.MainPageTest.customerPurchase() on instance RvNLearn.tests.MainPageTest@50029372]
at org.testng.internal.invokers.TestInvoker.invokeTestMethods(TestInvoker.java:159)
at org.testng.internal.invokers.TestMethodWorker.invokeTestMethods(TestMethodWorker.java:154)
at org.testng.internal.invokers.TestMethodWorker.run(TestMethodWorker.java:134)
at java.base/java.util.ArrayList.forEach(ArrayList.java:1597)
at org.testng.TestRunner.privateRun(TestRunner.java:739)
at org.testng.TestRunner.run(TestRunner.java:614)
at org.testng.SuiteRunner.runTest(SuiteRunner.java:421)
at org.testng.SuiteRunner$SuiteWorker.run(SuiteRunner.java:463)
at org.testng.internal.thread.ThreadUtil.lambda$execute$0(ThreadUtil.java:64)
at java.base/java.util.concurrent.FutureTask.run(FutureTask.java:317)
at java.base/java.util.concurrent.ThreadPoolExecutor.runWorker(ThreadPoolExecutor.java:1144)
at java.base/java.util.concurrent.ThreadPoolExecutor$Worker.run(ThreadPoolExecutor.java:642)
at java.base/java.lang.Thread.run(Thread.java:1575)
]]>
            </full-stacktrace>
          </exception> <!-- java.lang.Throwable -->
          <reporter-output>
          </reporter-output>
        </test-method> <!-- orderHistoryTest -->
      </class> <!-- RvNLearn.tests.MainPageTest -->
    </test> <!-- Main Page Test -->
  </suite> <!-- Suite -->
</testng-results>
